<?xml version="1.0" encoding="UTF-8"?>
<testsuite name="com.example.demo.MicroServicioShippingServiceApplicationTests" tests="1" skipped="0" failures="0" errors="0" timestamp="2021-12-17T03:54:20" hostname="W4RR100R" time="0.105">
  <properties/>
  <testcase name="contextLoads()" classname="com.example.demo.MicroServicioShippingServiceApplicationTests" time="0.105"/>
  <system-out><![CDATA[03:54:11.909 [Test worker] DEBUG org.springframework.test.context.BootstrapUtils - Instantiating CacheAwareContextLoaderDelegate from class [org.springframework.test.context.cache.DefaultCacheAwareContextLoaderDelegate]
03:54:11.923 [Test worker] DEBUG org.springframework.test.context.BootstrapUtils - Instantiating BootstrapContext using constructor [public org.springframework.test.context.support.DefaultBootstrapContext(java.lang.Class,org.springframework.test.context.CacheAwareContextLoaderDelegate)]
03:54:11.958 [Test worker] DEBUG org.springframework.test.context.BootstrapUtils - Instantiating TestContextBootstrapper for test class [com.example.demo.MicroServicioShippingServiceApplicationTests] from class [org.springframework.boot.test.context.SpringBootTestContextBootstrapper]
03:54:11.969 [Test worker] INFO org.springframework.boot.test.context.SpringBootTestContextBootstrapper - Neither @ContextConfiguration nor @ContextHierarchy found for test class [com.example.demo.MicroServicioShippingServiceApplicationTests], using SpringBootContextLoader
03:54:11.973 [Test worker] DEBUG org.springframework.test.context.support.AbstractContextLoader - Did not detect default resource location for test class [com.example.demo.MicroServicioShippingServiceApplicationTests]: class path resource [com/example/demo/MicroServicioShippingServiceApplicationTests-context.xml] does not exist
03:54:11.973 [Test worker] DEBUG org.springframework.test.context.support.AbstractContextLoader - Did not detect default resource location for test class [com.example.demo.MicroServicioShippingServiceApplicationTests]: class path resource [com/example/demo/MicroServicioShippingServiceApplicationTestsContext.groovy] does not exist
03:54:11.974 [Test worker] INFO org.springframework.test.context.support.AbstractContextLoader - Could not detect default resource locations for test class [com.example.demo.MicroServicioShippingServiceApplicationTests]: no resource found for suffixes {-context.xml, Context.groovy}.
03:54:11.974 [Test worker] INFO org.springframework.test.context.support.AnnotationConfigContextLoaderUtils - Could not detect default configuration classes for test class [com.example.demo.MicroServicioShippingServiceApplicationTests]: MicroServicioShippingServiceApplicationTests does not declare any static, non-private, non-final, nested classes annotated with @Configuration.
03:54:12.017 [Test worker] DEBUG org.springframework.test.context.support.ActiveProfilesUtils - Could not find an 'annotation declaring class' for annotation type [org.springframework.test.context.ActiveProfiles] and class [com.example.demo.MicroServicioShippingServiceApplicationTests]
03:54:12.071 [Test worker] DEBUG org.springframework.context.annotation.ClassPathScanningCandidateComponentProvider - Identified candidate component class: file [/home/warr100r/projectsSpring/MicroservicioEjemplo1/shopping-service/build/classes/java/main/com/example/MicroServicioShoppingServiceApplication.class]
03:54:12.072 [Test worker] INFO org.springframework.boot.test.context.SpringBootTestContextBootstrapper - Found @SpringBootConfiguration com.example.MicroServicioShoppingServiceApplication for test class com.example.demo.MicroServicioShippingServiceApplicationTests
03:54:12.180 [Test worker] DEBUG org.springframework.boot.test.context.SpringBootTestContextBootstrapper - @TestExecutionListeners is not present for class [com.example.demo.MicroServicioShippingServiceApplicationTests]: using defaults.
03:54:12.180 [Test worker] INFO org.springframework.boot.test.context.SpringBootTestContextBootstrapper - Loaded default TestExecutionListener class names from location [META-INF/spring.factories]: [org.springframework.boot.test.autoconfigure.restdocs.RestDocsTestExecutionListener, org.springframework.boot.test.autoconfigure.web.client.MockRestServiceServerResetTestExecutionListener, org.springframework.boot.test.autoconfigure.web.servlet.MockMvcPrintOnlyOnFailureTestExecutionListener, org.springframework.boot.test.autoconfigure.web.servlet.WebDriverTestExecutionListener, org.springframework.boot.test.autoconfigure.webservices.client.MockWebServiceServerTestExecutionListener, org.springframework.boot.test.mock.mockito.MockitoTestExecutionListener, org.springframework.boot.test.mock.mockito.ResetMocksTestExecutionListener, org.springframework.test.context.web.ServletTestExecutionListener, org.springframework.test.context.support.DirtiesContextBeforeModesTestExecutionListener, org.springframework.test.context.support.DependencyInjectionTestExecutionListener, org.springframework.test.context.support.DirtiesContextTestExecutionListener, org.springframework.test.context.transaction.TransactionalTestExecutionListener, org.springframework.test.context.jdbc.SqlScriptsTestExecutionListener, org.springframework.test.context.event.EventPublishingTestExecutionListener]
03:54:12.194 [Test worker] INFO org.springframework.boot.test.context.SpringBootTestContextBootstrapper - Using TestExecutionListeners: [org.springframework.test.context.web.ServletTestExecutionListener@7a2bdfdd, org.springframework.test.context.support.DirtiesContextBeforeModesTestExecutionListener@23cdfeff, org.springframework.boot.test.mock.mockito.MockitoTestExecutionListener@622915d6, org.springframework.boot.test.autoconfigure.SpringBootDependencyInjectionTestExecutionListener@397a0af1, org.springframework.test.context.support.DirtiesContextTestExecutionListener@1d0bff34, org.springframework.test.context.transaction.TransactionalTestExecutionListener@51fdc06c, org.springframework.test.context.jdbc.SqlScriptsTestExecutionListener@7b50f820, org.springframework.test.context.event.EventPublishingTestExecutionListener@12144839, org.springframework.boot.test.autoconfigure.restdocs.RestDocsTestExecutionListener@50a4f710, org.springframework.boot.test.autoconfigure.web.client.MockRestServiceServerResetTestExecutionListener@6f65b3c8, org.springframework.boot.test.autoconfigure.web.servlet.MockMvcPrintOnlyOnFailureTestExecutionListener@1388c7fc, org.springframework.boot.test.autoconfigure.web.servlet.WebDriverTestExecutionListener@23ed0034, org.springframework.boot.test.autoconfigure.webservices.client.MockWebServiceServerTestExecutionListener@54067f2e, org.springframework.boot.test.mock.mockito.ResetMocksTestExecutionListener@163f7d95]
03:54:12.198 [Test worker] DEBUG org.springframework.test.context.support.AbstractDirtiesContextTestExecutionListener - Before test class: context [DefaultTestContext@4fb2146 testClass = MicroServicioShippingServiceApplicationTests, testInstance = [null], testMethod = [null], testException = [null], mergedContextConfiguration = [WebMergedContextConfiguration@5a447eb0 testClass = MicroServicioShippingServiceApplicationTests, locations = '{}', classes = '{class com.example.MicroServicioShoppingServiceApplication}', contextInitializerClasses = '[]', activeProfiles = '{}', propertySourceLocations = '{}', propertySourceProperties = '{org.springframework.boot.test.context.SpringBootTestContextBootstrapper=true}', contextCustomizers = set[org.springframework.boot.test.autoconfigure.actuate.metrics.MetricsExportContextCustomizerFactory$DisableMetricExportContextCustomizer@20530ef5, org.springframework.boot.test.autoconfigure.properties.PropertyMappingContextCustomizer@0, org.springframework.boot.test.autoconfigure.web.servlet.WebDriverContextCustomizerFactory$Customizer@458317a1, org.springframework.boot.test.context.filter.ExcludeFilterContextCustomizer@510154cc, org.springframework.boot.test.json.DuplicateJsonObjectContextCustomizerFactory$DuplicateJsonObjectContextCustomizer@5bde74f1, org.springframework.boot.test.mock.mockito.MockitoContextCustomizer@0, org.springframework.boot.test.web.client.TestRestTemplateContextCustomizer@4126eeb8, org.springframework.boot.test.web.reactive.server.WebTestClientContextCustomizer@2995f03f, org.springframework.boot.test.context.SpringBootTestArgs@1, org.springframework.boot.test.context.SpringBootTestWebEnvironment@6e4669af], resourceBasePath = 'src/main/webapp', contextLoader = 'org.springframework.boot.test.context.SpringBootContextLoader', parent = [null]], attributes = map['org.springframework.test.context.web.ServletTestExecutionListener.activateListener' -> true]], class annotated with @DirtiesContext [false] with mode [null].
03:54:12.231 [Test worker] DEBUG org.springframework.test.context.support.TestPropertySourceUtils - Adding inlined properties to environment: {spring.jmx.enabled=false, org.springframework.boot.test.context.SpringBootTestContextBootstrapper=true}

  .   ____          _            __ _ _
 /\\ / ___'_ __ _ _(_)_ __  __ _ \ \ \ \
( ( )\___ | '_ | '_| | '_ \/ _` | \ \ \ \
 \\/  ___)| |_)| | | | | || (_| |  ) ) ) )
  '  |____| .__|_| |_|_| |_\__, | / / / /
 =========|_|==============|___/=/_/_/_/
 :: Spring Boot ::                (v2.4.0)

2021-12-17 03:54:13.070  INFO 44972 --- [    Test worker] c.c.c.ConfigServicePropertySourceLocator : Fetching config from server at : http://172.17.0.2:8001
2021-12-17 03:54:13.614  INFO 44972 --- [    Test worker] c.c.c.ConfigServicePropertySourceLocator : Located environment: name=shopping-service, profiles=[default], label=null, version=1f0b9f6bc38fcc2aaaa7f5b47568558d724df3eb, state=null
2021-12-17 03:54:13.615  INFO 44972 --- [    Test worker] b.c.PropertySourceBootstrapConfiguration : Located property source: [BootstrapPropertySource {name='bootstrapProperties-configClient'}, BootstrapPropertySource {name='bootstrapProperties-https://github.com/hugojesusmr/MicroserviceSpring.git/config-data/shopping-service.yml'}]
2021-12-17 03:54:13.640  INFO 44972 --- [    Test worker] oServicioShippingServiceApplicationTests : No active profile set, falling back to default profiles: default
2021-12-17 03:54:14.592  INFO 44972 --- [    Test worker] .s.d.r.c.RepositoryConfigurationDelegate : Bootstrapping Spring Data JPA repositories in DEFERRED mode.
2021-12-17 03:54:14.787  INFO 44972 --- [    Test worker] .s.d.r.c.RepositoryConfigurationDelegate : Finished Spring Data repository scanning in 188 ms. Found 2 JPA repository interfaces.
2021-12-17 03:54:15.092  INFO 44972 --- [    Test worker] o.s.cloud.context.scope.GenericScope     : BeanFactory id=f2b32534-9b65-3565-ac4f-46d09e019f0e
2021-12-17 03:54:15.726  INFO 44972 --- [    Test worker] o.s.s.concurrent.ThreadPoolTaskExecutor  : Initializing ExecutorService 'applicationTaskExecutor'
2021-12-17 03:54:15.820  INFO 44972 --- [         task-1] o.hibernate.jpa.internal.util.LogHelper  : HHH000204: Processing PersistenceUnitInfo [name: default]
2021-12-17 03:54:15.876  INFO 44972 --- [         task-1] org.hibernate.Version                    : HHH000412: Hibernate ORM core version 5.4.23.Final
2021-12-17 03:54:16.032  WARN 44972 --- [    Test worker] JpaBaseConfiguration$JpaWebConfiguration : spring.jpa.open-in-view is enabled by default. Therefore, database queries may be performed during view rendering. Explicitly configure spring.jpa.open-in-view to disable this warning
2021-12-17 03:54:16.077  INFO 44972 --- [         task-1] o.hibernate.annotations.common.Version   : HCANN000001: Hibernate Commons Annotations {5.1.2.Final}
2021-12-17 03:54:16.254  INFO 44972 --- [         task-1] com.zaxxer.hikari.HikariDataSource       : HikariPool-1 - Starting...
2021-12-17 03:54:16.560  INFO 44972 --- [         task-1] com.zaxxer.hikari.HikariDataSource       : HikariPool-1 - Start completed.
2021-12-17 03:54:16.569  INFO 44972 --- [    Test worker] o.s.b.a.h2.H2ConsoleAutoConfiguration    : H2 console available at '/h2-console'. Database available at 'jdbc:h2:mem:invoiceDB'
2021-12-17 03:54:16.578  INFO 44972 --- [         task-1] org.hibernate.dialect.Dialect            : HHH000400: Using dialect: org.hibernate.dialect.H2Dialect
2021-12-17 03:54:16.723  INFO 44972 --- [    Test worker] DeferredRepositoryInitializationListener : Triggering deferred initialization of Spring Data repositories…
Hibernate: create table tbl_invoce_items (id bigint generated by default as identity, price double, product_id bigint, quantity double, invoice_id bigint, primary key (id))
Hibernate: create table tbl_invoices (id bigint generated by default as identity, create_at date, customer_id bigint, description varchar(255), number_invoice varchar(255), state varchar(255), primary key (id))
Hibernate: alter table tbl_invoce_items add constraint FKrwih460uleudjwuciww6qjib2 foreign key (invoice_id) references tbl_invoices
2021-12-17 03:54:17.355  INFO 44972 --- [         task-1] o.h.e.t.j.p.i.JtaPlatformInitiator       : HHH000490: Using JtaPlatform implementation: [org.hibernate.engine.transaction.jta.platform.internal.NoJtaPlatform]
2021-12-17 03:54:17.367  INFO 44972 --- [         task-1] j.LocalContainerEntityManagerFactoryBean : Initialized JPA EntityManagerFactory for persistence unit 'default'
2021-12-17 03:54:17.727  INFO 44972 --- [    Test worker] DeferredRepositoryInitializationListener : Spring Data repositories initialized!
2021-12-17 03:54:17.830  INFO 44972 --- [    Test worker] DeferredRepositoryInitializationListener : Triggering deferred initialization of Spring Data repositories…
2021-12-17 03:54:17.830  INFO 44972 --- [    Test worker] DeferredRepositoryInitializationListener : Spring Data repositories initialized!
2021-12-17 03:54:19.946  INFO 44972 --- [    Test worker] DiscoveryClientOptionalArgsConfiguration : Eureka HTTP Client uses RestTemplate.
2021-12-17 03:54:20.088  WARN 44972 --- [    Test worker] iguration$LoadBalancerCaffeineWarnLogger : Spring Cloud LoadBalancer is currently working with the default cache. You can switch to using Caffeine cache, by adding it and org.springframework.cache.caffeine.CaffeineCacheManager to the classpath.
2021-12-17 03:54:20.130  INFO 44972 --- [    Test worker] o.s.b.a.e.web.EndpointLinksResolver      : Exposing 2 endpoint(s) beneath base path '/actuator'
2021-12-17 03:54:20.212  INFO 44972 --- [    Test worker] o.s.c.n.eureka.InstanceInfoFactory       : Setting initial instance status as: STARTING
2021-12-17 03:54:20.293  INFO 44972 --- [    Test worker] com.netflix.discovery.DiscoveryClient    : Initializing Eureka in region us-east-1
2021-12-17 03:54:20.297  INFO 44972 --- [    Test worker] c.n.d.s.r.aws.ConfigClusterResolver      : Resolving eureka endpoints via configuration
2021-12-17 03:54:20.324  INFO 44972 --- [    Test worker] com.netflix.discovery.DiscoveryClient    : Disable delta property : false
2021-12-17 03:54:20.325  INFO 44972 --- [    Test worker] com.netflix.discovery.DiscoveryClient    : Single vip registry refresh property : null
2021-12-17 03:54:20.325  INFO 44972 --- [    Test worker] com.netflix.discovery.DiscoveryClient    : Force full registry fetch : false
2021-12-17 03:54:20.325  INFO 44972 --- [    Test worker] com.netflix.discovery.DiscoveryClient    : Application is null : false
2021-12-17 03:54:20.325  INFO 44972 --- [    Test worker] com.netflix.discovery.DiscoveryClient    : Registered Applications size is zero : true
2021-12-17 03:54:20.325  INFO 44972 --- [    Test worker] com.netflix.discovery.DiscoveryClient    : Application version is -1: true
2021-12-17 03:54:20.325  INFO 44972 --- [    Test worker] com.netflix.discovery.DiscoveryClient    : Getting all instance registry info from the eureka server
2021-12-17 03:54:20.576  INFO 44972 --- [    Test worker] com.netflix.discovery.DiscoveryClient    : The response status is 200
2021-12-17 03:54:20.587  INFO 44972 --- [    Test worker] com.netflix.discovery.DiscoveryClient    : Starting heartbeat executor: renew interval is: 30
2021-12-17 03:54:20.598  INFO 44972 --- [    Test worker] c.n.discovery.InstanceInfoReplicator     : InstanceInfoReplicator onDemand update allowed rate per min is 4
2021-12-17 03:54:20.615  INFO 44972 --- [    Test worker] com.netflix.discovery.DiscoveryClient    : Discovery Client initialized at timestamp 1639713260614 with initial instances count: 0
2021-12-17 03:54:20.634  INFO 44972 --- [    Test worker] o.s.c.n.e.s.EurekaServiceRegistry        : Registering application SHOPPING-SERVICE with eureka with status UP
2021-12-17 03:54:20.636  INFO 44972 --- [    Test worker] com.netflix.discovery.DiscoveryClient    : Saw local status change event StatusChangeEvent [timestamp=1639713260636, current=UP, previous=STARTING]
2021-12-17 03:54:20.637  INFO 44972 --- [nfoReplicator-0] com.netflix.discovery.DiscoveryClient    : DiscoveryClient_SHOPPING-SERVICE/W4RR100R:shopping-service:8093: registering service...
2021-12-17 03:54:20.649  INFO 44972 --- [    Test worker] DeferredRepositoryInitializationListener : Triggering deferred initialization of Spring Data repositories…
2021-12-17 03:54:20.649  INFO 44972 --- [    Test worker] DeferredRepositoryInitializationListener : Spring Data repositories initialized!
2021-12-17 03:54:20.681  INFO 44972 --- [    Test worker] oServicioShippingServiceApplicationTests : Started MicroServicioShippingServiceApplicationTests in 8.431 seconds (JVM running for 9.776)
2021-12-17 03:54:20.785  INFO 44972 --- [nfoReplicator-0] com.netflix.discovery.DiscoveryClient    : DiscoveryClient_SHOPPING-SERVICE/W4RR100R:shopping-service:8093 - registration status: 204
]]></system-out>
  <system-err><![CDATA[]]></system-err>
</testsuite>
